{
  "/Users/anelkalajevac/Projects/smart-lazy-loader/src/index.ts": {
    "path": "/Users/anelkalajevac/Projects/smart-lazy-loader/src/index.ts",
    "all": false,
    "statementMap": {
      "0": { "start": { "line": 1, "column": 0 }, "end": { "line": 1, "column": 43 } }
    },
    "s": { "0": 1 },
    "branchMap": {},
    "b": {},
    "fnMap": {},
    "f": {}
  },
  "/Users/anelkalajevac/Projects/smart-lazy-loader/src/core/lazyLoad.ts": {
    "path": "/Users/anelkalajevac/Projects/smart-lazy-loader/src/core/lazyLoad.ts",
    "all": false,
    "statementMap": {
      "23": { "start": { "line": 24, "column": 0 }, "end": { "line": 24, "column": 28 } },
      "24": { "start": { "line": 25, "column": 0 }, "end": { "line": 25, "column": 29 } },
      "25": { "start": { "line": 26, "column": 0 }, "end": { "line": 26, "column": 26 } },
      "26": { "start": { "line": 27, "column": 0 }, "end": { "line": 27, "column": 22 } },
      "27": { "start": { "line": 28, "column": 0 }, "end": { "line": 28, "column": 85 } },
      "29": { "start": { "line": 30, "column": 0 }, "end": { "line": 30, "column": 32 } },
      "31": { "start": { "line": 32, "column": 0 }, "end": { "line": 32, "column": 15 } },
      "32": { "start": { "line": 33, "column": 0 }, "end": { "line": 33, "column": 16 } },
      "33": { "start": { "line": 34, "column": 0 }, "end": { "line": 34, "column": 44 } },
      "34": { "start": { "line": 35, "column": 0 }, "end": { "line": 35, "column": 42 } },
      "35": { "start": { "line": 36, "column": 0 }, "end": { "line": 36, "column": 14 } },
      "36": { "start": { "line": 37, "column": 0 }, "end": { "line": 37, "column": 39 } },
      "37": { "start": { "line": 38, "column": 0 }, "end": { "line": 38, "column": 7 } },
      "38": { "start": { "line": 39, "column": 0 }, "end": { "line": 39, "column": 12 } },
      "40": { "start": { "line": 41, "column": 0 }, "end": { "line": 41, "column": 17 } },
      "41": { "start": { "line": 42, "column": 0 }, "end": { "line": 42, "column": 38 } },
      "42": { "start": { "line": 43, "column": 0 }, "end": { "line": 43, "column": 12 } },
      "44": { "start": { "line": 45, "column": 0 }, "end": { "line": 45, "column": 17 } },
      "45": { "start": { "line": 46, "column": 0 }, "end": { "line": 46, "column": 29 } },
      "46": { "start": { "line": 47, "column": 0 }, "end": { "line": 47, "column": 15 } },
      "47": { "start": { "line": 48, "column": 0 }, "end": { "line": 48, "column": 53 } },
      "48": { "start": { "line": 49, "column": 0 }, "end": { "line": 49, "column": 8 } },
      "49": { "start": { "line": 50, "column": 0 }, "end": { "line": 50, "column": 48 } },
      "50": { "start": { "line": 51, "column": 0 }, "end": { "line": 51, "column": 12 } },
      "52": { "start": { "line": 53, "column": 0 }, "end": { "line": 53, "column": 21 } },
      "53": { "start": { "line": 54, "column": 0 }, "end": { "line": 54, "column": 33 } },
      "54": { "start": { "line": 55, "column": 0 }, "end": { "line": 55, "column": 15 } },
      "55": { "start": { "line": 56, "column": 0 }, "end": { "line": 56, "column": 61 } },
      "56": { "start": { "line": 57, "column": 0 }, "end": { "line": 57, "column": 8 } },
      "57": { "start": { "line": 58, "column": 0 }, "end": { "line": 58, "column": 56 } },
      "58": { "start": { "line": 59, "column": 0 }, "end": { "line": 59, "column": 12 } },
      "60": { "start": { "line": 61, "column": 0 }, "end": { "line": 61, "column": 19 } },
      "61": { "start": { "line": 62, "column": 0 }, "end": { "line": 62, "column": 48 } },
      "62": { "start": { "line": 63, "column": 0 }, "end": { "line": 63, "column": 27 } },
      "63": { "start": { "line": 64, "column": 0 }, "end": { "line": 64, "column": 38 } },
      "64": { "start": { "line": 65, "column": 0 }, "end": { "line": 65, "column": 39 } },
      "65": { "start": { "line": 66, "column": 0 }, "end": { "line": 66, "column": 21 } },
      "66": { "start": { "line": 67, "column": 0 }, "end": { "line": 67, "column": 31 } },
      "67": { "start": { "line": 68, "column": 0 }, "end": { "line": 68, "column": 13 } },
      "68": { "start": { "line": 69, "column": 0 }, "end": { "line": 69, "column": 13 } },
      "69": { "start": { "line": 70, "column": 0 }, "end": { "line": 70, "column": 10 } },
      "70": { "start": { "line": 71, "column": 0 }, "end": { "line": 71, "column": 9 } },
      "71": { "start": { "line": 72, "column": 0 }, "end": { "line": 72, "column": 21 } },
      "72": { "start": { "line": 73, "column": 0 }, "end": { "line": 73, "column": 20 } },
      "73": { "start": { "line": 74, "column": 0 }, "end": { "line": 74, "column": 9 } },
      "74": { "start": { "line": 75, "column": 0 }, "end": { "line": 75, "column": 8 } },
      "75": { "start": { "line": 76, "column": 0 }, "end": { "line": 76, "column": 31 } },
      "76": { "start": { "line": 77, "column": 0 }, "end": { "line": 77, "column": 12 } },
      "78": { "start": { "line": 79, "column": 0 }, "end": { "line": 79, "column": 12 } },
      "79": { "start": { "line": 80, "column": 0 }, "end": { "line": 80, "column": 55 } },
      "80": { "start": { "line": 81, "column": 0 }, "end": { "line": 81, "column": 3 } },
      "81": { "start": { "line": 82, "column": 0 }, "end": { "line": 82, "column": 1 } }
    },
    "s": {
      "23": 1,
      "24": 7,
      "25": 7,
      "26": 7,
      "27": 7,
      "29": 7,
      "31": 7,
      "32": 7,
      "33": 2,
      "34": 1,
      "35": 1,
      "36": 1,
      "37": 1,
      "38": 2,
      "40": 7,
      "41": 1,
      "42": 1,
      "44": 7,
      "45": 1,
      "46": 1,
      "47": 1,
      "48": 1,
      "49": 1,
      "50": 1,
      "52": 7,
      "53": 1,
      "54": 1,
      "55": 1,
      "56": 1,
      "57": 1,
      "58": 1,
      "60": 7,
      "61": 1,
      "62": 1,
      "63": 1,
      "64": 1,
      "65": 1,
      "66": 1,
      "67": 1,
      "68": 1,
      "69": 1,
      "70": 1,
      "71": 1,
      "72": 1,
      "73": 1,
      "74": 1,
      "75": 1,
      "76": 1,
      "78": 7,
      "79": 1,
      "80": 7,
      "81": 6
    },
    "branchMap": {
      "0": {
        "type": "branch",
        "line": 24,
        "loc": { "start": { "line": 24, "column": 7 }, "end": { "line": 82, "column": 1 } },
        "locations": [{ "start": { "line": 24, "column": 7 }, "end": { "line": 82, "column": 1 } }]
      },
      "1": {
        "type": "branch",
        "line": 33,
        "loc": { "start": { "line": 33, "column": 4 }, "end": { "line": 39, "column": 12 } },
        "locations": [{ "start": { "line": 33, "column": 4 }, "end": { "line": 39, "column": 12 } }]
      },
      "2": {
        "type": "branch",
        "line": 34,
        "loc": { "start": { "line": 34, "column": 43 }, "end": { "line": 38, "column": 7 } },
        "locations": [{ "start": { "line": 34, "column": 43 }, "end": { "line": 38, "column": 7 } }]
      },
      "3": {
        "type": "branch",
        "line": 41,
        "loc": { "start": { "line": 41, "column": 4 }, "end": { "line": 43, "column": 12 } },
        "locations": [{ "start": { "line": 41, "column": 4 }, "end": { "line": 43, "column": 12 } }]
      },
      "4": {
        "type": "branch",
        "line": 45,
        "loc": { "start": { "line": 45, "column": 4 }, "end": { "line": 51, "column": 12 } },
        "locations": [{ "start": { "line": 45, "column": 4 }, "end": { "line": 51, "column": 12 } }]
      },
      "5": {
        "type": "branch",
        "line": 53,
        "loc": { "start": { "line": 53, "column": 4 }, "end": { "line": 59, "column": 12 } },
        "locations": [{ "start": { "line": 53, "column": 4 }, "end": { "line": 59, "column": 12 } }]
      },
      "6": {
        "type": "branch",
        "line": 61,
        "loc": { "start": { "line": 61, "column": 4 }, "end": { "line": 77, "column": 12 } },
        "locations": [{ "start": { "line": 61, "column": 4 }, "end": { "line": 77, "column": 12 } }]
      },
      "7": {
        "type": "branch",
        "line": 79,
        "loc": { "start": { "line": 79, "column": 4 }, "end": { "line": 80, "column": 55 } },
        "locations": [{ "start": { "line": 79, "column": 4 }, "end": { "line": 80, "column": 55 } }]
      },
      "8": {
        "type": "branch",
        "line": 81,
        "loc": { "start": { "line": 81, "column": 2 }, "end": { "line": 82, "column": 1 } },
        "locations": [{ "start": { "line": 81, "column": 2 }, "end": { "line": 82, "column": 1 } }]
      },
      "9": {
        "type": "branch",
        "line": 30,
        "loc": { "start": { "line": 30, "column": 15 }, "end": { "line": 30, "column": 32 } },
        "locations": [
          { "start": { "line": 30, "column": 15 }, "end": { "line": 30, "column": 32 } }
        ]
      },
      "10": {
        "type": "branch",
        "line": 35,
        "loc": { "start": { "line": 35, "column": 28 }, "end": { "line": 35, "column": 40 } },
        "locations": [
          { "start": { "line": 35, "column": 28 }, "end": { "line": 35, "column": 40 } }
        ]
      },
      "11": {
        "type": "branch",
        "line": 37,
        "loc": { "start": { "line": 37, "column": 19 }, "end": { "line": 37, "column": 33 } },
        "locations": [
          { "start": { "line": 37, "column": 19 }, "end": { "line": 37, "column": 33 } }
        ]
      },
      "12": {
        "type": "branch",
        "line": 42,
        "loc": { "start": { "line": 42, "column": 17 }, "end": { "line": 42, "column": 31 } },
        "locations": [
          { "start": { "line": 42, "column": 17 }, "end": { "line": 42, "column": 31 } }
        ]
      },
      "13": {
        "type": "branch",
        "line": 46,
        "loc": { "start": { "line": 46, "column": 22 }, "end": { "line": 49, "column": 8 } },
        "locations": [{ "start": { "line": 46, "column": 22 }, "end": { "line": 49, "column": 8 } }]
      },
      "14": {
        "type": "branch",
        "line": 54,
        "loc": { "start": { "line": 54, "column": 26 }, "end": { "line": 57, "column": 8 } },
        "locations": [{ "start": { "line": 54, "column": 26 }, "end": { "line": 57, "column": 8 } }]
      },
      "15": {
        "type": "branch",
        "line": 63,
        "loc": { "start": { "line": 63, "column": 8 }, "end": { "line": 70, "column": 10 } },
        "locations": [{ "start": { "line": 63, "column": 8 }, "end": { "line": 70, "column": 10 } }]
      },
      "16": {
        "type": "branch",
        "line": 64,
        "loc": { "start": { "line": 64, "column": 26 }, "end": { "line": 69, "column": 11 } },
        "locations": [
          { "start": { "line": 64, "column": 26 }, "end": { "line": 69, "column": 11 } }
        ]
      }
    },
    "b": {
      "0": [7],
      "1": [2],
      "2": [1],
      "3": [1],
      "4": [1],
      "5": [1],
      "6": [1],
      "7": [1],
      "8": [6],
      "9": [6],
      "10": [1],
      "11": [1],
      "12": [1],
      "13": [1],
      "14": [1],
      "15": [1],
      "16": [1]
    },
    "fnMap": {
      "0": {
        "name": "lazyLoad",
        "decl": { "start": { "line": 24, "column": 7 }, "end": { "line": 82, "column": 1 } },
        "loc": { "start": { "line": 24, "column": 7 }, "end": { "line": 82, "column": 1 } },
        "line": 24
      },
      "1": {
        "name": "load",
        "decl": { "start": { "line": 30, "column": 15 }, "end": { "line": 30, "column": 32 } },
        "loc": { "start": { "line": 30, "column": 15 }, "end": { "line": 30, "column": 32 } },
        "line": 30
      },
      "2": {
        "name": "onClick",
        "decl": { "start": { "line": 46, "column": 22 }, "end": { "line": 49, "column": 8 } },
        "loc": { "start": { "line": 46, "column": 22 }, "end": { "line": 49, "column": 8 } },
        "line": 46
      },
      "3": {
        "name": "onMousemove",
        "decl": { "start": { "line": 54, "column": 26 }, "end": { "line": 57, "column": 8 } },
        "loc": { "start": { "line": 54, "column": 26 }, "end": { "line": 57, "column": 8 } },
        "line": 54
      },
      "4": {
        "name": "IntersectionObserver.rootMargin.rootMargin",
        "decl": { "start": { "line": 63, "column": 8 }, "end": { "line": 70, "column": 10 } },
        "loc": { "start": { "line": 63, "column": 8 }, "end": { "line": 70, "column": 10 } },
        "line": 63
      }
    },
    "f": { "0": 7, "1": 6, "2": 1, "3": 1, "4": 1 }
  }
}
